<?xml version="1.0" encoding="UTF-8"?>
<testng-results ignored="0" total="8" passed="7" failed="0" skipped="1">
  <reporter-output>
  </reporter-output>
  <suite started-at="2022-09-21T18:03:37 EDT" name="myTestNgSuite" finished-at="2022-09-21T18:03:37 EDT" duration-ms="47">
    <groups>
      <group name="Kiddo">
        <method signature="myTest1.Dhani()[pri:1, instance:myProject.myTest1@31c88ec8]" name="Dhani" class="myProject.myTest1"/>
      </group> <!-- Kiddo -->
      <group name="Parent">
        <method signature="myTest1.Atul()[pri:3, instance:myProject.myTest1@31c88ec8]" name="Atul" class="myProject.myTest1"/>
        <method signature="myTest1.Manju()[pri:0, instance:myProject.myTest1@31c88ec8]" name="Manju" class="myProject.myTest1"/>
      </group> <!-- Parent -->
    </groups>
    <test started-at="2022-09-21T18:03:37 EDT" name="myTestNgTest" finished-at="2022-09-21T18:03:37 EDT" duration-ms="47">
      <class name="myProject.myTest2">
        <test-method signature="test11()[pri:0, instance:myProject.myTest2@35ef1869]" started-at="2022-09-21T18:03:37 EDT" name="test11" finished-at="2022-09-21T18:03:37 EDT" duration-ms="8" status="PASS">
          <reporter-output>
          </reporter-output>
        </test-method> <!-- test11 -->
        <test-method signature="test2()[pri:0, instance:myProject.myTest2@35ef1869]" started-at="2022-09-21T18:03:37 EDT" name="test2" finished-at="2022-09-21T18:03:37 EDT" depends-on-methods="myProject.myTest2.test11" duration-ms="1" status="PASS">
          <reporter-output>
          </reporter-output>
        </test-method> <!-- test2 -->
      </class> <!-- myProject.myTest2 -->
      <class name="myProject.myTest1">
        <test-method is-config="true" signature="test1()[pri:0, instance:myProject.myTest1@31c88ec8]" started-at="2022-09-21T18:03:37 EDT" name="test1" finished-at="2022-09-21T18:03:37 EDT" duration-ms="6" status="PASS">
          <reporter-output>
          </reporter-output>
        </test-method> <!-- test1 -->
        <test-method is-config="true" signature="test3(java.lang.String)[pri:0, instance:myProject.myTest1@31c88ec8]" started-at="2022-09-21T18:03:37 EDT" name="test3" finished-at="2022-09-21T18:03:37 EDT" duration-ms="4" status="PASS">
          <params>
            <param index="0">
              <value>
                <![CDATA[sher]]>
              </value>
            </param>
          </params>
          <reporter-output>
          </reporter-output>
        </test-method> <!-- test3 -->
        <test-method is-config="true" signature="test7()[pri:0, instance:myProject.myTest1@31c88ec8]" started-at="2022-09-21T18:03:37 EDT" name="test7" finished-at="2022-09-21T18:03:37 EDT" duration-ms="0" status="PASS">
          <reporter-output>
          </reporter-output>
        </test-method> <!-- test7 -->
        <test-method signature="Manju()[pri:0, instance:myProject.myTest1@31c88ec8]" started-at="2022-09-21T18:03:37 EDT" name="Manju" finished-at="2022-09-21T18:03:37 EDT" duration-ms="6" status="PASS">
          <reporter-output>
          </reporter-output>
        </test-method> <!-- Manju -->
        <test-method signature="Dhani()[pri:1, instance:myProject.myTest1@31c88ec8]" started-at="2022-09-21T18:03:37 EDT" name="Dhani" finished-at="2022-09-21T18:03:37 EDT" duration-ms="4" status="PASS">
          <reporter-output>
          </reporter-output>
        </test-method> <!-- Dhani -->
        <test-method is-config="true" signature="test9()[pri:0, instance:myProject.myTest1@31c88ec8]" started-at="2022-09-21T18:03:37 EDT" name="test9" finished-at="2022-09-21T18:03:37 EDT" duration-ms="0" status="PASS">
          <reporter-output>
          </reporter-output>
        </test-method> <!-- test9 -->
        <test-method is-config="true" signature="test9()[pri:0, instance:myProject.myTest1@31c88ec8]" started-at="2022-09-21T18:03:37 EDT" name="test9" finished-at="2022-09-21T18:03:37 EDT" duration-ms="0" status="PASS">
          <reporter-output>
          </reporter-output>
        </test-method> <!-- test9 -->
        <test-method is-config="true" signature="test9()[pri:0, instance:myProject.myTest1@31c88ec8]" started-at="2022-09-21T18:03:37 EDT" name="test9" finished-at="2022-09-21T18:03:37 EDT" duration-ms="1" status="PASS">
          <reporter-output>
          </reporter-output>
        </test-method> <!-- test9 -->
        <test-method signature="Atul()[pri:3, instance:myProject.myTest1@31c88ec8]" started-at="2022-09-21T18:03:37 EDT" name="Atul" finished-at="2022-09-21T18:03:37 EDT" duration-ms="8" status="PASS">
          <reporter-output>
          </reporter-output>
        </test-method> <!-- Atul -->
        <test-method is-config="true" signature="test10()[pri:0, instance:myProject.myTest1@31c88ec8]" started-at="2022-09-21T18:03:37 EDT" name="test10" finished-at="2022-09-21T18:03:37 EDT" duration-ms="0" status="PASS">
          <reporter-output>
          </reporter-output>
        </test-method> <!-- test10 -->
        <test-method is-config="true" signature="test10()[pri:0, instance:myProject.myTest1@31c88ec8]" started-at="2022-09-21T18:03:37 EDT" name="test10" finished-at="2022-09-21T18:03:37 EDT" duration-ms="0" status="PASS">
          <reporter-output>
          </reporter-output>
        </test-method> <!-- test10 -->
        <test-method is-config="true" signature="test8()[pri:0, instance:myProject.myTest1@31c88ec8]" started-at="2022-09-21T18:03:37 EDT" name="test8" finished-at="2022-09-21T18:03:37 EDT" duration-ms="1" status="PASS">
          <reporter-output>
          </reporter-output>
        </test-method> <!-- test8 -->
        <test-method is-config="true" signature="test10()[pri:0, instance:myProject.myTest1@31c88ec8]" started-at="2022-09-21T18:03:37 EDT" name="test10" finished-at="2022-09-21T18:03:37 EDT" duration-ms="0" status="PASS">
          <reporter-output>
          </reporter-output>
        </test-method> <!-- test10 -->
        <test-method is-config="true" signature="test4()[pri:0, instance:myProject.myTest1@31c88ec8]" started-at="2022-09-21T18:03:37 EDT" name="test4" finished-at="2022-09-21T18:03:37 EDT" duration-ms="0" status="PASS">
          <reporter-output>
          </reporter-output>
        </test-method> <!-- test4 -->
        <test-method is-config="true" signature="test2()[pri:0, instance:myProject.myTest1@31c88ec8]" started-at="2022-09-21T18:03:37 EDT" name="test2" finished-at="2022-09-21T18:03:37 EDT" duration-ms="1" status="PASS">
          <reporter-output>
          </reporter-output>
        </test-method> <!-- test2 -->
      </class> <!-- myProject.myTest1 -->
      <class name="myProject.myTest4">
        <test-method signature="test11()[pri:0, instance:myProject.myTest4@619713e5]" started-at="2022-09-21T18:03:37 EDT" name="test11" finished-at="2022-09-21T18:03:37 EDT" duration-ms="5" status="PASS">
          <reporter-output>
          </reporter-output>
        </test-method> <!-- test11 -->
        <test-method signature="test2()[pri:0, instance:myProject.myTest4@619713e5]" started-at="2022-09-21T18:03:37 EDT" name="test2" finished-at="2022-09-21T18:03:37 EDT" depends-on-methods="myProject.myTest4.test11" duration-ms="1" status="PASS">
          <reporter-output>
          </reporter-output>
        </test-method> <!-- test2 -->
      </class> <!-- myProject.myTest4 -->
      <class name="myProject.myTest3">
        <test-method signature="useJsonData(java.lang.String,java.lang.String,float,java.lang.String)[pri:0, instance:myProject.myTest3@c33b74f]" started-at="2022-09-21T18:03:37 EDT" name="useJsonData" data-provider="JsonLoginData" finished-at="2022-09-21T18:03:37 EDT" duration-ms="0" status="SKIP">
          <exception class="java.lang.RuntimeException">
            <message>
              <![CDATA[java.lang.ClassCastException: class org.json.simple.JSONArray cannot be cast to class [Ljava.lang.Object; (org.json.simple.JSONArray is in unnamed module of loader 'app'; [Ljava.lang.Object; is in module java.base of loader 'bootstrap')]]>
            </message>
            <full-stacktrace>
              <![CDATA[java.lang.RuntimeException: java.lang.ClassCastException: class org.json.simple.JSONArray cannot be cast to class [Ljava.lang.Object; (org.json.simple.JSONArray is in unnamed module of loader 'app'; [Ljava.lang.Object; is in module java.base of loader 'bootstrap')
at org.testng.internal.MethodInvocationHelper.invokeMethodNoCheckedException(MethodInvocationHelper.java:50)
at org.testng.internal.MethodInvocationHelper.invokeDataProvider(MethodInvocationHelper.java:146)
at org.testng.internal.Parameters.handleParameters(Parameters.java:798)
at org.testng.internal.Parameters.handleParameters(Parameters.java:740)
at org.testng.internal.ParameterHandler.handleParameters(ParameterHandler.java:59)
at org.testng.internal.ParameterHandler.createParameters(ParameterHandler.java:38)
at org.testng.internal.TestInvoker$MethodInvocationAgent.invoke(TestInvoker.java:791)
at org.testng.internal.TestInvoker.invokeTestMethods(TestInvoker.java:146)
at org.testng.internal.TestMethodWorker.invokeTestMethods(TestMethodWorker.java:146)
at org.testng.internal.TestMethodWorker.run(TestMethodWorker.java:128)
at java.base/java.util.concurrent.ThreadPoolExecutor.runWorker(ThreadPoolExecutor.java:1136)
at java.base/java.util.concurrent.ThreadPoolExecutor$Worker.run(ThreadPoolExecutor.java:635)
at java.base/java.lang.Thread.run(Thread.java:833)
Caused by: java.lang.ClassCastException: class org.json.simple.JSONArray cannot be cast to class [Ljava.lang.Object; (org.json.simple.JSONArray is in unnamed module of loader 'app'; [Ljava.lang.Object; is in module java.base of loader 'bootstrap')
at myProject.myTest3.willGiveJsonData(myTest3.java:36)
at java.base/jdk.internal.reflect.NativeMethodAccessorImpl.invoke0(Native Method)
at java.base/jdk.internal.reflect.NativeMethodAccessorImpl.invoke(NativeMethodAccessorImpl.java:77)
at java.base/jdk.internal.reflect.DelegatingMethodAccessorImpl.invoke(DelegatingMethodAccessorImpl.java:43)
at java.base/java.lang.reflect.Method.invoke(Method.java:568)
at org.testng.internal.MethodInvocationHelper.invokeMethod(MethodInvocationHelper.java:133)
at org.testng.internal.MethodInvocationHelper.invokeMethod(MethodInvocationHelper.java:77)
at org.testng.internal.MethodInvocationHelper.invokeMethodNoCheckedException(MethodInvocationHelper.java:46)
... 12 more
]]>
            </full-stacktrace>
          </exception> <!-- java.lang.RuntimeException -->
          <reporter-output>
          </reporter-output>
        </test-method> <!-- useJsonData -->
      </class> <!-- myProject.myTest3 -->
    </test> <!-- myTestNgTest -->
  </suite> <!-- myTestNgSuite -->
</testng-results>
